<?xml version="1.0" encoding="UTF-8"?>
<!-- Generated by org.testng.reporters.JUnitReportReporter -->
<testsuite hostname="Ankit-PC" name="SumValidation" tests="1" failures="0" timestamp="17 Jul 2021 06:33:58 GMT" time="7.860" errors="0">
  <testcase name="sumOfCourses" time="7.860" classname="SumValidation"/>
</testsuite> <!-- SumValidation -->
