<?xml version="1.0" encoding="UTF-8"?>
<!-- Generated by org.testng.reporters.JUnitReportReporter -->
<testsuite hostname="Ankit-PC" name="SunValidation" tests="1" failures="0" timestamp="16 Jul 2021 18:21:13 GMT" time="3.549" errors="0">
  <testcase name="sumOfCourses" time="3.549" classname="SunValidation"/>
</testsuite> <!-- SunValidation -->
